{"level":"\u001b[33mWARN\u001b[0m","ts":"2026-03-17T13:59:44+08:00","caller":"circuitbreaker/breaker.go:214","msg":"circuit breaker opened due to failures","name":"test","failures":3,"threshold":3}
{"level":"\u001b[33mWARN\u001b[0m","ts":"2026-03-17T13:59:44+08:00","caller":"circuitbreaker/breaker.go:214","msg":"circuit breaker opened due to failures","name":"test","failures":1,"threshold":1}
{"level":"\u001b[34mINFO\u001b[0m","ts":"2026-03-17T13:59:44+08:00","caller":"circuitbreaker/breaker.go:169","msg":"circuit breaker transitioned to half-open","name":"test"}
{"level":"\u001b[34mINFO\u001b[0m","ts":"2026-03-17T13:59:44+08:00","caller":"circuitbreaker/breaker.go:241","msg":"circuit breaker closed after recovery","name":"test","successes":1}
{"level":"\u001b[33mWARN\u001b[0m","ts":"2026-03-17T13:59:44+08:00","caller":"circuitbreaker/breaker.go:285","msg":"circuit breaker manually opened","name":"default"}
{"level":"\u001b[34mINFO\u001b[0m","ts":"2026-03-17T13:59:44+08:00","caller":"circuitbreaker/breaker.go:295","msg":"circuit breaker manually closed","name":"default"}
{"level":"\u001b[33mWARN\u001b[0m","ts":"2026-03-17T13:59:44+08:00","caller":"circuitbreaker/breaker.go:214","msg":"circuit breaker opened due to failures","name":"half-open-test","failures":1,"threshold":1}
{"level":"\u001b[34mINFO\u001b[0m","ts":"2026-03-17T13:59:44+08:00","caller":"circuitbreaker/breaker.go:169","msg":"circuit breaker transitioned to half-open","name":"half-open-test"}
{"level":"\u001b[34mINFO\u001b[0m","ts":"2026-03-17T13:59:44+08:00","caller":"circuitbreaker/breaker.go:241","msg":"circuit breaker closed after recovery","name":"half-open-test","successes":2}
{"level":"\u001b[33mWARN\u001b[0m","ts":"2026-03-17T13:59:44+08:00","caller":"circuitbreaker/breaker.go:285","msg":"circuit breaker manually opened","name":"test"}
{"level":"\u001b[33mWARN\u001b[0m","ts":"2026-03-17T14:20:35+08:00","caller":"circuitbreaker/breaker.go:214","msg":"circuit breaker opened due to failures","name":"test","failures":3,"threshold":3}
{"level":"\u001b[33mWARN\u001b[0m","ts":"2026-03-17T14:20:35+08:00","caller":"circuitbreaker/breaker.go:214","msg":"circuit breaker opened due to failures","name":"test","failures":1,"threshold":1}
{"level":"\u001b[34mINFO\u001b[0m","ts":"2026-03-17T14:20:35+08:00","caller":"circuitbreaker/breaker.go:169","msg":"circuit breaker transitioned to half-open","name":"test"}
{"level":"\u001b[34mINFO\u001b[0m","ts":"2026-03-17T14:20:35+08:00","caller":"circuitbreaker/breaker.go:241","msg":"circuit breaker closed after recovery","name":"test","successes":1}
{"level":"\u001b[33mWARN\u001b[0m","ts":"2026-03-17T14:20:35+08:00","caller":"circuitbreaker/breaker.go:285","msg":"circuit breaker manually opened","name":"default"}
{"level":"\u001b[34mINFO\u001b[0m","ts":"2026-03-17T14:20:35+08:00","caller":"circuitbreaker/breaker.go:295","msg":"circuit breaker manually closed","name":"default"}
{"level":"\u001b[33mWARN\u001b[0m","ts":"2026-03-17T14:20:35+08:00","caller":"circuitbreaker/breaker.go:214","msg":"circuit breaker opened due to failures","name":"half-open-test","failures":1,"threshold":1}
{"level":"\u001b[34mINFO\u001b[0m","ts":"2026-03-17T14:20:35+08:00","caller":"circuitbreaker/breaker.go:169","msg":"circuit breaker transitioned to half-open","name":"half-open-test"}
{"level":"\u001b[34mINFO\u001b[0m","ts":"2026-03-17T14:20:35+08:00","caller":"circuitbreaker/breaker.go:241","msg":"circuit breaker closed after recovery","name":"half-open-test","successes":2}
{"level":"\u001b[33mWARN\u001b[0m","ts":"2026-03-17T14:20:35+08:00","caller":"circuitbreaker/breaker.go:285","msg":"circuit breaker manually opened","name":"test"}
{"level":"\u001b[33mWARN\u001b[0m","ts":"2026-03-17T14:21:53+08:00","caller":"circuitbreaker/breaker.go:214","msg":"circuit breaker opened due to failures","name":"test","failures":3,"threshold":3}
{"level":"\u001b[33mWARN\u001b[0m","ts":"2026-03-17T14:21:53+08:00","caller":"circuitbreaker/breaker.go:214","msg":"circuit breaker opened due to failures","name":"test","failures":1,"threshold":1}
{"level":"\u001b[34mINFO\u001b[0m","ts":"2026-03-17T14:21:53+08:00","caller":"circuitbreaker/breaker.go:169","msg":"circuit breaker transitioned to half-open","name":"test"}
{"level":"\u001b[34mINFO\u001b[0m","ts":"2026-03-17T14:21:53+08:00","caller":"circuitbreaker/breaker.go:241","msg":"circuit breaker closed after recovery","name":"test","successes":1}
{"level":"\u001b[33mWARN\u001b[0m","ts":"2026-03-17T14:21:53+08:00","caller":"circuitbreaker/breaker.go:285","msg":"circuit breaker manually opened","name":"default"}
{"level":"\u001b[34mINFO\u001b[0m","ts":"2026-03-17T14:21:53+08:00","caller":"circuitbreaker/breaker.go:295","msg":"circuit breaker manually closed","name":"default"}
{"level":"\u001b[33mWARN\u001b[0m","ts":"2026-03-17T14:21:53+08:00","caller":"circuitbreaker/breaker.go:214","msg":"circuit breaker opened due to failures","name":"half-open-test","failures":1,"threshold":1}
{"level":"\u001b[34mINFO\u001b[0m","ts":"2026-03-17T14:21:53+08:00","caller":"circuitbreaker/breaker.go:169","msg":"circuit breaker transitioned to half-open","name":"half-open-test"}
{"level":"\u001b[34mINFO\u001b[0m","ts":"2026-03-17T14:21:53+08:00","caller":"circuitbreaker/breaker.go:241","msg":"circuit breaker closed after recovery","name":"half-open-test","successes":2}
{"level":"\u001b[33mWARN\u001b[0m","ts":"2026-03-17T14:21:53+08:00","caller":"circuitbreaker/breaker.go:285","msg":"circuit breaker manually opened","name":"test"}
{"level":"\u001b[33mWARN\u001b[0m","ts":"2026-03-17T14:23:28+08:00","caller":"circuitbreaker/breaker.go:214","msg":"circuit breaker opened due to failures","name":"test","failures":3,"threshold":3}
{"level":"\u001b[33mWARN\u001b[0m","ts":"2026-03-17T14:23:28+08:00","caller":"circuitbreaker/breaker.go:214","msg":"circuit breaker opened due to failures","name":"test","failures":1,"threshold":1}
{"level":"\u001b[34mINFO\u001b[0m","ts":"2026-03-17T14:23:28+08:00","caller":"circuitbreaker/breaker.go:169","msg":"circuit breaker transitioned to half-open","name":"test"}
{"level":"\u001b[34mINFO\u001b[0m","ts":"2026-03-17T14:23:28+08:00","caller":"circuitbreaker/breaker.go:241","msg":"circuit breaker closed after recovery","name":"test","successes":1}
{"level":"\u001b[33mWARN\u001b[0m","ts":"2026-03-17T14:23:28+08:00","caller":"circuitbreaker/breaker.go:285","msg":"circuit breaker manually opened","name":"default"}
{"level":"\u001b[34mINFO\u001b[0m","ts":"2026-03-17T14:23:28+08:00","caller":"circuitbreaker/breaker.go:295","msg":"circuit breaker manually closed","name":"default"}
{"level":"\u001b[33mWARN\u001b[0m","ts":"2026-03-17T14:23:28+08:00","caller":"circuitbreaker/breaker.go:214","msg":"circuit breaker opened due to failures","name":"half-open-test","failures":1,"threshold":1}
{"level":"\u001b[34mINFO\u001b[0m","ts":"2026-03-17T14:23:28+08:00","caller":"circuitbreaker/breaker.go:169","msg":"circuit breaker transitioned to half-open","name":"half-open-test"}
{"level":"\u001b[34mINFO\u001b[0m","ts":"2026-03-17T14:23:28+08:00","caller":"circuitbreaker/breaker.go:241","msg":"circuit breaker closed after recovery","name":"half-open-test","successes":2}
{"level":"\u001b[33mWARN\u001b[0m","ts":"2026-03-17T14:23:28+08:00","caller":"circuitbreaker/breaker.go:285","msg":"circuit breaker manually opened","name":"test"}
{"level":"\u001b[33mWARN\u001b[0m","ts":"2026-03-17T14:24:27+08:00","caller":"circuitbreaker/breaker.go:214","msg":"circuit breaker opened due to failures","name":"test","failures":3,"threshold":3}
{"level":"\u001b[33mWARN\u001b[0m","ts":"2026-03-17T14:24:27+08:00","caller":"circuitbreaker/breaker.go:214","msg":"circuit breaker opened due to failures","name":"test","failures":1,"threshold":1}
{"level":"\u001b[34mINFO\u001b[0m","ts":"2026-03-17T14:24:28+08:00","caller":"circuitbreaker/breaker.go:169","msg":"circuit breaker transitioned to half-open","name":"test"}
{"level":"\u001b[34mINFO\u001b[0m","ts":"2026-03-17T14:24:28+08:00","caller":"circuitbreaker/breaker.go:241","msg":"circuit breaker closed after recovery","name":"test","successes":1}
{"level":"\u001b[33mWARN\u001b[0m","ts":"2026-03-17T14:24:28+08:00","caller":"circuitbreaker/breaker.go:285","msg":"circuit breaker manually opened","name":"default"}
{"level":"\u001b[34mINFO\u001b[0m","ts":"2026-03-17T14:24:28+08:00","caller":"circuitbreaker/breaker.go:295","msg":"circuit breaker manually closed","name":"default"}
{"level":"\u001b[33mWARN\u001b[0m","ts":"2026-03-17T14:24:28+08:00","caller":"circuitbreaker/breaker.go:214","msg":"circuit breaker opened due to failures","name":"half-open-test","failures":1,"threshold":1}
{"level":"\u001b[34mINFO\u001b[0m","ts":"2026-03-17T14:24:28+08:00","caller":"circuitbreaker/breaker.go:169","msg":"circuit breaker transitioned to half-open","name":"half-open-test"}
{"level":"\u001b[34mINFO\u001b[0m","ts":"2026-03-17T14:24:28+08:00","caller":"circuitbreaker/breaker.go:241","msg":"circuit breaker closed after recovery","name":"half-open-test","successes":2}
{"level":"\u001b[33mWARN\u001b[0m","ts":"2026-03-17T14:24:28+08:00","caller":"circuitbreaker/breaker.go:285","msg":"circuit breaker manually opened","name":"test"}
{"level":"\u001b[33mWARN\u001b[0m","ts":"2026-03-17T14:35:31+08:00","caller":"circuitbreaker/breaker.go:214","msg":"circuit breaker opened due to failures","name":"test","failures":3,"threshold":3}
{"level":"\u001b[33mWARN\u001b[0m","ts":"2026-03-17T14:35:31+08:00","caller":"circuitbreaker/breaker.go:214","msg":"circuit breaker opened due to failures","name":"test","failures":1,"threshold":1}
{"level":"\u001b[34mINFO\u001b[0m","ts":"2026-03-17T14:35:31+08:00","caller":"circuitbreaker/breaker.go:169","msg":"circuit breaker transitioned to half-open","name":"test"}
{"level":"\u001b[34mINFO\u001b[0m","ts":"2026-03-17T14:35:31+08:00","caller":"circuitbreaker/breaker.go:241","msg":"circuit breaker closed after recovery","name":"test","successes":1}
{"level":"\u001b[33mWARN\u001b[0m","ts":"2026-03-17T14:35:31+08:00","caller":"circuitbreaker/breaker.go:285","msg":"circuit breaker manually opened","name":"default"}
{"level":"\u001b[34mINFO\u001b[0m","ts":"2026-03-17T14:35:31+08:00","caller":"circuitbreaker/breaker.go:295","msg":"circuit breaker manually closed","name":"default"}
{"level":"\u001b[33mWARN\u001b[0m","ts":"2026-03-17T14:35:31+08:00","caller":"circuitbreaker/breaker.go:214","msg":"circuit breaker opened due to failures","name":"half-open-test","failures":1,"threshold":1}
{"level":"\u001b[34mINFO\u001b[0m","ts":"2026-03-17T14:35:31+08:00","caller":"circuitbreaker/breaker.go:169","msg":"circuit breaker transitioned to half-open","name":"half-open-test"}
{"level":"\u001b[34mINFO\u001b[0m","ts":"2026-03-17T14:35:31+08:00","caller":"circuitbreaker/breaker.go:241","msg":"circuit breaker closed after recovery","name":"half-open-test","successes":2}
{"level":"\u001b[33mWARN\u001b[0m","ts":"2026-03-17T14:35:31+08:00","caller":"circuitbreaker/breaker.go:285","msg":"circuit breaker manually opened","name":"test"}
{"level":"\u001b[33mWARN\u001b[0m","ts":"2026-03-17T14:35:44+08:00","caller":"circuitbreaker/breaker.go:214","msg":"circuit breaker opened due to failures","name":"test","failures":3,"threshold":3}
{"level":"\u001b[33mWARN\u001b[0m","ts":"2026-03-17T14:35:44+08:00","caller":"circuitbreaker/breaker.go:214","msg":"circuit breaker opened due to failures","name":"test","failures":1,"threshold":1}
{"level":"\u001b[34mINFO\u001b[0m","ts":"2026-03-17T14:35:45+08:00","caller":"circuitbreaker/breaker.go:169","msg":"circuit breaker transitioned to half-open","name":"test"}
{"level":"\u001b[34mINFO\u001b[0m","ts":"2026-03-17T14:35:45+08:00","caller":"circuitbreaker/breaker.go:241","msg":"circuit breaker closed after recovery","name":"test","successes":1}
{"level":"\u001b[33mWARN\u001b[0m","ts":"2026-03-17T14:35:45+08:00","caller":"circuitbreaker/breaker.go:285","msg":"circuit breaker manually opened","name":"default"}
{"level":"\u001b[34mINFO\u001b[0m","ts":"2026-03-17T14:35:45+08:00","caller":"circuitbreaker/breaker.go:295","msg":"circuit breaker manually closed","name":"default"}
{"level":"\u001b[33mWARN\u001b[0m","ts":"2026-03-17T14:35:45+08:00","caller":"circuitbreaker/breaker.go:214","msg":"circuit breaker opened due to failures","name":"half-open-test","failures":1,"threshold":1}
{"level":"\u001b[34mINFO\u001b[0m","ts":"2026-03-17T14:35:45+08:00","caller":"circuitbreaker/breaker.go:169","msg":"circuit breaker transitioned to half-open","name":"half-open-test"}
{"level":"\u001b[34mINFO\u001b[0m","ts":"2026-03-17T14:35:45+08:00","caller":"circuitbreaker/breaker.go:241","msg":"circuit breaker closed after recovery","name":"half-open-test","successes":2}
{"level":"\u001b[33mWARN\u001b[0m","ts":"2026-03-17T14:35:45+08:00","caller":"circuitbreaker/breaker.go:285","msg":"circuit breaker manually opened","name":"test"}
{"level":"\u001b[33mWARN\u001b[0m","ts":"2026-03-17T16:08:07+08:00","caller":"circuitbreaker/breaker.go:214","msg":"circuit breaker opened due to failures","name":"test","failures":3,"threshold":3}
{"level":"\u001b[33mWARN\u001b[0m","ts":"2026-03-17T16:08:07+08:00","caller":"circuitbreaker/breaker.go:214","msg":"circuit breaker opened due to failures","name":"test","failures":1,"threshold":1}
{"level":"\u001b[34mINFO\u001b[0m","ts":"2026-03-17T16:08:07+08:00","caller":"circuitbreaker/breaker.go:169","msg":"circuit breaker transitioned to half-open","name":"test"}
{"level":"\u001b[34mINFO\u001b[0m","ts":"2026-03-17T16:08:07+08:00","caller":"circuitbreaker/breaker.go:241","msg":"circuit breaker closed after recovery","name":"test","successes":1}
{"level":"\u001b[33mWARN\u001b[0m","ts":"2026-03-17T16:08:07+08:00","caller":"circuitbreaker/breaker.go:285","msg":"circuit breaker manually opened","name":"default"}
{"level":"\u001b[34mINFO\u001b[0m","ts":"2026-03-17T16:08:07+08:00","caller":"circuitbreaker/breaker.go:295","msg":"circuit breaker manually closed","name":"default"}
{"level":"\u001b[33mWARN\u001b[0m","ts":"2026-03-17T16:08:07+08:00","caller":"circuitbreaker/breaker.go:214","msg":"circuit breaker opened due to failures","name":"half-open-test","failures":1,"threshold":1}
{"level":"\u001b[34mINFO\u001b[0m","ts":"2026-03-17T16:08:07+08:00","caller":"circuitbreaker/breaker.go:169","msg":"circuit breaker transitioned to half-open","name":"half-open-test"}
{"level":"\u001b[34mINFO\u001b[0m","ts":"2026-03-17T16:08:07+08:00","caller":"circuitbreaker/breaker.go:241","msg":"circuit breaker closed after recovery","name":"half-open-test","successes":2}
{"level":"\u001b[33mWARN\u001b[0m","ts":"2026-03-17T16:08:07+08:00","caller":"circuitbreaker/breaker.go:285","msg":"circuit breaker manually opened","name":"test"}
{"level":"\u001b[33mWARN\u001b[0m","ts":"2026-03-17T16:09:09+08:00","caller":"circuitbreaker/breaker.go:214","msg":"circuit breaker opened due to failures","name":"test","failures":3,"threshold":3}
{"level":"\u001b[33mWARN\u001b[0m","ts":"2026-03-17T16:09:09+08:00","caller":"circuitbreaker/breaker.go:214","msg":"circuit breaker opened due to failures","name":"test","failures":1,"threshold":1}
{"level":"\u001b[34mINFO\u001b[0m","ts":"2026-03-17T16:09:09+08:00","caller":"circuitbreaker/breaker.go:169","msg":"circuit breaker transitioned to half-open","name":"test"}
{"level":"\u001b[34mINFO\u001b[0m","ts":"2026-03-17T16:09:09+08:00","caller":"circuitbreaker/breaker.go:241","msg":"circuit breaker closed after recovery","name":"test","successes":1}
{"level":"\u001b[33mWARN\u001b[0m","ts":"2026-03-17T16:09:09+08:00","caller":"circuitbreaker/breaker.go:285","msg":"circuit breaker manually opened","name":"default"}
{"level":"\u001b[34mINFO\u001b[0m","ts":"2026-03-17T16:09:09+08:00","caller":"circuitbreaker/breaker.go:295","msg":"circuit breaker manually closed","name":"default"}
{"level":"\u001b[33mWARN\u001b[0m","ts":"2026-03-17T16:09:09+08:00","caller":"circuitbreaker/breaker.go:214","msg":"circuit breaker opened due to failures","name":"half-open-test","failures":1,"threshold":1}
{"level":"\u001b[34mINFO\u001b[0m","ts":"2026-03-17T16:09:09+08:00","caller":"circuitbreaker/breaker.go:169","msg":"circuit breaker transitioned to half-open","name":"half-open-test"}
{"level":"\u001b[34mINFO\u001b[0m","ts":"2026-03-17T16:09:09+08:00","caller":"circuitbreaker/breaker.go:241","msg":"circuit breaker closed after recovery","name":"half-open-test","successes":2}
{"level":"\u001b[33mWARN\u001b[0m","ts":"2026-03-17T16:09:09+08:00","caller":"circuitbreaker/breaker.go:285","msg":"circuit breaker manually opened","name":"test"}
{"level":"\u001b[33mWARN\u001b[0m","ts":"2026-03-17T16:27:08+08:00","caller":"circuitbreaker/breaker.go:214","msg":"circuit breaker opened due to failures","name":"test","failures":3,"threshold":3}
{"level":"\u001b[33mWARN\u001b[0m","ts":"2026-03-17T16:27:08+08:00","caller":"circuitbreaker/breaker.go:214","msg":"circuit breaker opened due to failures","name":"test","failures":1,"threshold":1}
{"level":"\u001b[34mINFO\u001b[0m","ts":"2026-03-17T16:27:08+08:00","caller":"circuitbreaker/breaker.go:169","msg":"circuit breaker transitioned to half-open","name":"test"}
{"level":"\u001b[34mINFO\u001b[0m","ts":"2026-03-17T16:27:08+08:00","caller":"circuitbreaker/breaker.go:241","msg":"circuit breaker closed after recovery","name":"test","successes":1}
{"level":"\u001b[33mWARN\u001b[0m","ts":"2026-03-17T16:27:08+08:00","caller":"circuitbreaker/breaker.go:285","msg":"circuit breaker manually opened","name":"default"}
{"level":"\u001b[34mINFO\u001b[0m","ts":"2026-03-17T16:27:08+08:00","caller":"circuitbreaker/breaker.go:295","msg":"circuit breaker manually closed","name":"default"}
{"level":"\u001b[33mWARN\u001b[0m","ts":"2026-03-17T16:27:08+08:00","caller":"circuitbreaker/breaker.go:214","msg":"circuit breaker opened due to failures","name":"half-open-test","failures":1,"threshold":1}
{"level":"\u001b[34mINFO\u001b[0m","ts":"2026-03-17T16:27:09+08:00","caller":"circuitbreaker/breaker.go:169","msg":"circuit breaker transitioned to half-open","name":"half-open-test"}
{"level":"\u001b[34mINFO\u001b[0m","ts":"2026-03-17T16:27:09+08:00","caller":"circuitbreaker/breaker.go:241","msg":"circuit breaker closed after recovery","name":"half-open-test","successes":2}
{"level":"\u001b[33mWARN\u001b[0m","ts":"2026-03-17T16:27:09+08:00","caller":"circuitbreaker/breaker.go:285","msg":"circuit breaker manually opened","name":"test"}
{"level":"\u001b[33mWARN\u001b[0m","ts":"2026-03-17T17:55:23+08:00","caller":"circuitbreaker/breaker.go:214","msg":"circuit breaker opened due to failures","name":"test","failures":3,"threshold":3}
{"level":"\u001b[33mWARN\u001b[0m","ts":"2026-03-17T17:55:23+08:00","caller":"circuitbreaker/breaker.go:214","msg":"circuit breaker opened due to failures","name":"test","failures":1,"threshold":1}
{"level":"\u001b[34mINFO\u001b[0m","ts":"2026-03-17T17:55:23+08:00","caller":"circuitbreaker/breaker.go:169","msg":"circuit breaker transitioned to half-open","name":"test"}
{"level":"\u001b[34mINFO\u001b[0m","ts":"2026-03-17T17:55:23+08:00","caller":"circuitbreaker/breaker.go:241","msg":"circuit breaker closed after recovery","name":"test","successes":1}
{"level":"\u001b[33mWARN\u001b[0m","ts":"2026-03-17T17:55:23+08:00","caller":"circuitbreaker/breaker.go:285","msg":"circuit breaker manually opened","name":"default"}
{"level":"\u001b[34mINFO\u001b[0m","ts":"2026-03-17T17:55:23+08:00","caller":"circuitbreaker/breaker.go:295","msg":"circuit breaker manually closed","name":"default"}
{"level":"\u001b[33mWARN\u001b[0m","ts":"2026-03-17T17:55:23+08:00","caller":"circuitbreaker/breaker.go:214","msg":"circuit breaker opened due to failures","name":"half-open-test","failures":1,"threshold":1}
{"level":"\u001b[34mINFO\u001b[0m","ts":"2026-03-17T17:55:23+08:00","caller":"circuitbreaker/breaker.go:169","msg":"circuit breaker transitioned to half-open","name":"half-open-test"}
{"level":"\u001b[34mINFO\u001b[0m","ts":"2026-03-17T17:55:23+08:00","caller":"circuitbreaker/breaker.go:241","msg":"circuit breaker closed after recovery","name":"half-open-test","successes":2}
{"level":"\u001b[33mWARN\u001b[0m","ts":"2026-03-17T17:55:23+08:00","caller":"circuitbreaker/breaker.go:285","msg":"circuit breaker manually opened","name":"test"}
